Performing C SOURCE FILE Test CMAKE_HAVE_LIBC_PTHREAD failed with the following output:
Change Dir: /home/nina/ws_unity/build/CMakeFiles/CMakeTmp

Run Build Command(s):/usr/bin/make cmTC_04062/fast && /usr/bin/make -f CMakeFiles/cmTC_04062.dir/build.make CMakeFiles/cmTC_04062.dir/build
make[1]: Entering directory '/home/nina/ws_unity/build/CMakeFiles/CMakeTmp'
Building C object CMakeFiles/cmTC_04062.dir/src.c.o
/usr/bin/cc   -DCMAKE_HAVE_LIBC_PTHREAD   -o CMakeFiles/cmTC_04062.dir/src.c.o   -c /home/nina/ws_unity/build/CMakeFiles/CMakeTmp/src.c
Linking C executable cmTC_04062
/usr/bin/cmake -E cmake_link_script CMakeFiles/cmTC_04062.dir/link.txt --verbose=1
/usr/bin/cc  -DCMAKE_HAVE_LIBC_PTHREAD    -rdynamic CMakeFiles/cmTC_04062.dir/src.c.o  -o cmTC_04062 
/usr/bin/ld: CMakeFiles/cmTC_04062.dir/src.c.o: in function `main':
src.c:(.text+0x46): undefined reference to `pthread_create'
/usr/bin/ld: src.c:(.text+0x52): undefined reference to `pthread_detach'
/usr/bin/ld: src.c:(.text+0x63): undefined reference to `pthread_join'
collect2: error: ld returned 1 exit status
make[1]: *** [CMakeFiles/cmTC_04062.dir/build.make:87: cmTC_04062] Error 1
make[1]: Leaving directory '/home/nina/ws_unity/build/CMakeFiles/CMakeTmp'
make: *** [Makefile:121: cmTC_04062/fast] Error 2


Source file was:
#include <pthread.h>

void* test_func(void* data)
{
  return data;
}

int main(void)
{
  pthread_t thread;
  pthread_create(&thread, NULL, test_func, NULL);
  pthread_detach(thread);
  pthread_join(thread, NULL);
  pthread_atfork(NULL, NULL, NULL);
  pthread_exit(NULL);

  return 0;
}

Determining if the function pthread_create exists in the pthreads failed with the following output:
Change Dir: /home/nina/ws_unity/build/CMakeFiles/CMakeTmp

Run Build Command(s):/usr/bin/make cmTC_5306b/fast && /usr/bin/make -f CMakeFiles/cmTC_5306b.dir/build.make CMakeFiles/cmTC_5306b.dir/build
make[1]: Entering directory '/home/nina/ws_unity/build/CMakeFiles/CMakeTmp'
Building C object CMakeFiles/cmTC_5306b.dir/CheckFunctionExists.c.o
/usr/bin/cc   -DCHECK_FUNCTION_EXISTS=pthread_create   -o CMakeFiles/cmTC_5306b.dir/CheckFunctionExists.c.o   -c /usr/share/cmake-3.16/Modules/CheckFunctionExists.c
Linking C executable cmTC_5306b
/usr/bin/cmake -E cmake_link_script CMakeFiles/cmTC_5306b.dir/link.txt --verbose=1
/usr/bin/cc  -DCHECK_FUNCTION_EXISTS=pthread_create    -rdynamic CMakeFiles/cmTC_5306b.dir/CheckFunctionExists.c.o  -o cmTC_5306b  -lpthreads 
/usr/bin/ld: cannot find -lpthreads
collect2: error: ld returned 1 exit status
make[1]: *** [CMakeFiles/cmTC_5306b.dir/build.make:87: cmTC_5306b] Error 1
make[1]: Leaving directory '/home/nina/ws_unity/build/CMakeFiles/CMakeTmp'
make: *** [Makefile:121: cmTC_5306b/fast] Error 2



Determining if the function sgemm_ exists failed with the following output:
Change Dir: /home/nina/ws_unity/build/CMakeFiles/CMakeTmp

Run Build Command(s):/usr/bin/make cmTC_67feb/fast && /usr/bin/make -f CMakeFiles/cmTC_67feb.dir/build.make CMakeFiles/cmTC_67feb.dir/build
make[1]: Entering directory '/home/nina/ws_unity/build/CMakeFiles/CMakeTmp'
Building C object CMakeFiles/cmTC_67feb.dir/CheckFunctionExists.c.o
/usr/bin/cc   -DCHECK_FUNCTION_EXISTS=sgemm_   -o CMakeFiles/cmTC_67feb.dir/CheckFunctionExists.c.o   -c /usr/share/cmake-3.16/Modules/CheckFunctionExists.c
Linking C executable cmTC_67feb
/usr/bin/cmake -E cmake_link_script CMakeFiles/cmTC_67feb.dir/link.txt --verbose=1
/usr/bin/cc  -DCHECK_FUNCTION_EXISTS=sgemm_    -rdynamic CMakeFiles/cmTC_67feb.dir/CheckFunctionExists.c.o  -o cmTC_67feb 
/usr/bin/ld: CMakeFiles/cmTC_67feb.dir/CheckFunctionExists.c.o: in function `main':
CheckFunctionExists.c:(.text+0x14): undefined reference to `sgemm_'
collect2: error: ld returned 1 exit status
make[1]: *** [CMakeFiles/cmTC_67feb.dir/build.make:87: cmTC_67feb] Error 1
make[1]: Leaving directory '/home/nina/ws_unity/build/CMakeFiles/CMakeTmp'
make: *** [Makefile:121: cmTC_67feb/fast] Error 2



Determining if the function cheev_ exists failed with the following output:
Change Dir: /home/nina/ws_unity/build/CMakeFiles/CMakeTmp

Run Build Command(s):/usr/bin/make cmTC_d4690/fast && /usr/bin/make -f CMakeFiles/cmTC_d4690.dir/build.make CMakeFiles/cmTC_d4690.dir/build
make[1]: Entering directory '/home/nina/ws_unity/build/CMakeFiles/CMakeTmp'
Building C object CMakeFiles/cmTC_d4690.dir/CheckFunctionExists.c.o
/usr/bin/cc   -DCHECK_FUNCTION_EXISTS=cheev_   -o CMakeFiles/cmTC_d4690.dir/CheckFunctionExists.c.o   -c /usr/share/cmake-3.16/Modules/CheckFunctionExists.c
Linking C executable cmTC_d4690
/usr/bin/cmake -E cmake_link_script CMakeFiles/cmTC_d4690.dir/link.txt --verbose=1
/usr/bin/cc  -DCHECK_FUNCTION_EXISTS=cheev_    -rdynamic CMakeFiles/cmTC_d4690.dir/CheckFunctionExists.c.o  -o cmTC_d4690  /usr/lib/x86_64-linux-gnu/libblas.so 
/usr/bin/ld: CMakeFiles/cmTC_d4690.dir/CheckFunctionExists.c.o: in function `main':
CheckFunctionExists.c:(.text+0x14): undefined reference to `cheev_'
collect2: error: ld returned 1 exit status
make[1]: *** [CMakeFiles/cmTC_d4690.dir/build.make:88: cmTC_d4690] Error 1
make[1]: Leaving directory '/home/nina/ws_unity/build/CMakeFiles/CMakeTmp'
make: *** [Makefile:121: cmTC_d4690/fast] Error 2



